<?xml version="1.0" encoding="UTF-8"?>
<coverage generated="1761467469942" clover="3.2.0">
  <project timestamp="1761467469942" name="All files">
    <metrics statements="6" coveredstatements="0" conditionals="0" coveredconditionals="0" methods="2" coveredmethods="0" elements="8" coveredelements="0" complexity="0" loc="6" ncloc="6" packages="1" files="2" classes="2"/>
    <file name="layout.tsx" path="/Volumes/SSD2TB_DATA/src/area-yield-os/frontend/app/layout.tsx">
      <metrics statements="5" coveredstatements="0" conditionals="0" coveredconditionals="0" methods="1" coveredmethods="0"/>
      <line num="2" count="0" type="stmt"/>
      <line num="3" count="0" type="stmt"/>
      <line num="5" count="0" type="stmt"/>
      <line num="7" count="0" type="stmt"/>
      <line num="12" count="0" type="stmt"/>
    </file>
    <file name="page.tsx" path="/Volumes/SSD2TB_DATA/src/area-yield-os/frontend/app/page.tsx">
      <metrics statements="1" coveredstatements="0" conditionals="0" coveredconditionals="0" methods="1" coveredmethods="0"/>
      <line num="1" count="0" type="stmt"/>
    </file>
  </project>
</coverage>
